* using log directory 'F:/r/Packages/statistics/olsrr/revdep_results/NumericEnsembles.Rcheck'
* using R version 4.5.2 (2025-10-31 ucrt)
* using platform: x86_64-w64-mingw32
* R was compiled by
    gcc.exe (GCC) 14.3.0
    GNU Fortran (GCC) 14.3.0
* running under: Windows 10 x64 (build 19045)
* using session charset: UTF-8
* using option '--no-manual'
* checking for file 'NumericEnsembles/DESCRIPTION' ... OK
* this is package 'NumericEnsembles' version '1.0.5'
* package encoding: UTF-8
* checking package namespace information ... OK
* checking package dependencies ... INFO
Depends: includes the non-default packages:
  'Cubist', 'Metrics', 'arm', 'brnn', 'broom', 'car', 'caret',
  'corrplot', 'doParallel', 'dplyr', 'e1071', 'earth', 'gam', 'gbm',
  'ggplot2', 'glmnet', 'gridExtra', 'htmltools', 'htmlwidgets',
  'ipred', 'leaps', 'nnet', 'olsrr', 'parallel', 'pls', 'purrr',
  'randomForest', 'reactable', 'readr', 'rpart', 'scales', 'tidyr',
  'tree', 'vip', 'xgboost'
Adding so many packages to the search path is excessive and importing
selectively is preferable.
* checking if this is a source package ... OK
* checking if there is a namespace ... OK
* checking for executable files ... OK
* checking for hidden files and directories ... OK
* checking for portable file names ... OK
* checking whether package 'NumericEnsembles' can be installed ... WARNING
Found the following significant warnings:
  Warning: package 'Cubist' was built under R version 4.5.3
  Warning: package 'Metrics' was built under R version 4.5.3
  Warning: package 'arm' was built under R version 4.5.3
  Warning: package 'brnn' was built under R version 4.5.3
  Warning: package 'truncnorm' was built under R version 4.5.3
  Warning: package 'caret' was built under R version 4.5.3
  Warning: package 'corrplot' was built under R version 4.5.3
  Warning: package 'doParallel' was built under R version 4.5.3
  Warning: package 'foreach' was built under R version 4.5.3
  Warning: package 'iterators' was built under R version 4.5.3
  Warning: package 'earth' was built under R version 4.5.3
  Warning: package 'plotmo' was built under R version 4.5.3
  Warning: package 'gam' was built under R version 4.5.3
  Warning: package 'gbm' was built under R version 4.5.3
  Warning: package 'glmnet' was built under R version 4.5.3
  Warning: package 'ipred' was built under R version 4.5.3
  Warning: package 'leaps' was built under R version 4.5.3
  Warning: package 'pls' was built under R version 4.5.3
  Warning: package 'randomForest' was built under R version 4.5.3
  Warning: package 'reactable' was built under R version 4.5.3
  Warning: package 'tree' was built under R version 4.5.3
  Warning: package 'vip' was built under R version 4.5.3
  Warning: package 'xgboost' was built under R version 4.5.3
See 'F:/r/Packages/statistics/olsrr/revdep_results/NumericEnsembles.Rcheck/00install.out' for details.
* checking installed package size ... OK
* checking package directory ... OK
* checking 'build' directory ... OK
* checking DESCRIPTION meta-information ... OK
* checking top-level files ... OK
* checking for left-over files ... OK
* checking index information ... OK
* checking package subdirectories ... OK
* checking code files for non-ASCII characters ... OK
* checking R files for syntax errors ... OK
* checking whether the package can be loaded ... OK
* checking whether the package can be loaded with stated dependencies ... OK
* checking whether the package can be unloaded cleanly ... OK
* checking whether the namespace can be loaded with stated dependencies ... OK
* checking whether the namespace can be unloaded cleanly ... OK
* checking loading without being on the library search path ... OK
* checking dependencies in R code ... OK
* checking S3 generic/method consistency ... OK
* checking replacement functions ... OK
* checking foreign function calls ... OK
* checking R code for possible problems ... OK
* checking Rd files ... OK
* checking Rd metadata ... OK
* checking Rd cross-references ... OK
* checking for missing documentation entries ... OK
* checking for code/documentation mismatches ... OK
* checking Rd \usage sections ... OK
* checking Rd contents ... OK
* checking for unstated dependencies in examples ... OK
* checking contents of 'data' directory ... OK
* checking data for non-ASCII characters ... OK
* checking LazyData ... OK
* checking data for ASCII and uncompressed saves ... OK
* checking installed files from 'inst/doc' ... OK
* checking files in 'vignettes' ... OK
* checking examples ... NONE
* checking for unstated dependencies in vignettes ... OK
* checking package vignettes ... OK
* checking re-building of vignette outputs ... OK
* DONE
Status: 1 WARNING
